<?xml version="1.0" encoding="UTF-8"?>
<testng-results ignored="0" total="1" passed="1" failed="0" skipped="0">
  <reporter-output>
  </reporter-output>
  <suite started-at="2019-09-07T14:56:07 BST" name="Default suite" finished-at="2019-09-07T14:56:09 BST" duration-ms="1893">
    <groups>
    </groups>
    <test started-at="2019-09-07T14:56:07 BST" name="Default test" finished-at="2019-09-07T14:56:09 BST" duration-ms="1893">
      <class name="class_1.LoginTests">
        <test-method is-config="true" signature="initialize()[pri:0, instance:class_1.LoginTests@15ca7889]" started-at="2019-09-07T14:55:53 BST" name="initialize" finished-at="2019-09-07T14:56:07 BST" duration-ms="14601" status="PASS">
          <reporter-output>
          </reporter-output>
        </test-method> <!-- initialize -->
        <test-method signature="logintest1()[pri:0, instance:class_1.LoginTests@15ca7889]" started-at="2019-09-07T14:56:07 BST" name="logintest1" finished-at="2019-09-07T14:56:09 BST" duration-ms="1868" status="PASS">
          <reporter-output>
          </reporter-output>
        </test-method> <!-- logintest1 -->
        <test-method is-config="true" signature="TeardownTest()[pri:0, instance:class_1.LoginTests@15ca7889]" started-at="2019-09-07T14:56:09 BST" name="TeardownTest" finished-at="2019-09-07T14:56:11 BST" duration-ms="1555" status="PASS">
          <reporter-output>
          </reporter-output>
        </test-method> <!-- TeardownTest -->
      </class> <!-- class_1.LoginTests -->
    </test> <!-- Default test -->
  </suite> <!-- Default suite -->
</testng-results>
